[19/Oct/2018 02:48:59] "GET /api/person/1/ HTTP/1.1" 200 5482
[19/Oct/2018 02:48:59] "GET /static/rest_framework/css/bootstrap.min.css HTTP/1.1" 304 0
[19/Oct/2018 02:48:59] "GET /static/rest_framework/css/default.css HTTP/1.1" 304 0
[19/Oct/2018 02:48:59] "GET /static/rest_framework/css/bootstrap-tweaks.css HTTP/1.1" 304 0
[19/Oct/2018 02:48:59] "GET /static/rest_framework/js/jquery-3.3.1.min.js HTTP/1.1" 304 0
[19/Oct/2018 02:48:59] "GET /static/rest_framework/js/ajax-form.js HTTP/1.1" 304 0
[19/Oct/2018 02:48:59] "GET /static/rest_framework/css/prettify.css HTTP/1.1" 304 0
[19/Oct/2018 02:48:59] "GET /static/rest_framework/js/csrf.js HTTP/1.1" 304 0
[19/Oct/2018 02:48:59] "GET /static/rest_framework/js/bootstrap.min.js HTTP/1.1" 304 0
[19/Oct/2018 02:48:59] "GET /static/rest_framework/js/prettify-min.js HTTP/1.1" 304 0
[19/Oct/2018 02:48:59] "GET /static/rest_framework/js/default.js HTTP/1.1" 304 0
[19/Oct/2018 02:48:59] "GET /static/rest_framework/img/grid.png HTTP/1.1" 304 0
[19/Oct/2018 02:49:07] "GET /api/ HTTP/1.1" 200 5268
[19/Oct/2018 02:49:16] "GET / HTTP/1.1" 200 1243
[19/Oct/2018 02:49:16] "GET /api/person/1/ HTTP/1.1" 200 193
[19/Oct/2018 02:53:00] "GET / HTTP/1.1" 200 1299
[19/Oct/2018 02:53:01] "GET /api/person/1/ HTTP/1.1" 200 193
[19/Oct/2018 02:56:17] "GET / HTTP/1.1" 200 1325
[19/Oct/2018 02:56:18] "GET /api/person/1/ HTTP/1.1" 200 193
[19/Oct/2018 03:01:03] "GET / HTTP/1.1" 200 1325
[19/Oct/2018 03:01:03] "GET /api/person/1/ HTTP/1.1" 200 193
[19/Oct/2018 03:02:14] "GET / HTTP/1.1" 200 1325
[19/Oct/2018 03:02:15] "GET /api/person/1/ HTTP/1.1" 200 193
Not Found: /favicon.ico
[19/Oct/2018 03:02:15] "GET /favicon.ico HTTP/1.1" 404 2549
Not Found: /favicon.ico
[19/Oct/2018 03:02:15] "GET /favicon.ico HTTP/1.1" 404 2549
[19/Oct/2018 04:05:19] "GET /api/ HTTP/1.1" 200 5268
[19/Oct/2018 04:05:20] "GET /static/rest_framework/css/default.css HTTP/1.1" 200 1131
[19/Oct/2018 04:05:20] "GET /static/rest_framework/css/bootstrap-tweaks.css HTTP/1.1" 200 3385
[19/Oct/2018 04:05:20] "GET /static/rest_framework/css/prettify.css HTTP/1.1" 200 817
[19/Oct/2018 04:05:20] "GET /static/rest_framework/js/ajax-form.js HTTP/1.1" 200 3597
[19/Oct/2018 04:05:20] "GET /static/rest_framework/css/bootstrap.min.css HTTP/1.1" 200 121200
[19/Oct/2018 04:05:20] "GET /static/rest_framework/js/jquery-3.3.1.min.js HTTP/1.1" 200 86927
[19/Oct/2018 04:05:20] "GET /static/rest_framework/js/csrf.js HTTP/1.1" 200 1735
[19/Oct/2018 04:05:20] "GET /static/rest_framework/js/bootstrap.min.js HTTP/1.1" 200 37045
[19/Oct/2018 04:05:20] "GET /static/rest_framework/js/prettify-min.js HTTP/1.1" 200 13632
[19/Oct/2018 04:05:20] "GET /static/rest_framework/js/default.js HTTP/1.1" 200 1268
[19/Oct/2018 04:05:20] "GET /static/rest_framework/img/grid.png HTTP/1.1" 200 1458
[19/Oct/2018 04:05:24] "GET / HTTP/1.1" 200 1325
[19/Oct/2018 04:05:25] "GET /api/person/1/ HTTP/1.1" 200 193
